[[1;34mINFO[m] Scanning for projects...
[[1;34mINFO[m] [1m------------------------------------------------------------------------[m
[[1;34mINFO[m] [1mReactor Build Order:[m
[[1;34mINFO[m] 
[[1;34mINFO[m] piggymetrics                                                       [pom]
[[1;34mINFO[m] config                                                             [jar]
[[1;34mINFO[m] monitoring                                                         [jar]
[[1;34mINFO[m] registry                                                           [jar]
[[1;34mINFO[m] gateway                                                            [jar]
[[1;34mINFO[m] auth-service                                                       [jar]
[[1;34mINFO[m] account-service                                                    [jar]
[[1;34mINFO[m] statistics-service                                                 [jar]
[[1;34mINFO[m] notification-service                                               [jar]
[[1;34mINFO[m] turbine-stream-service                                             [jar]
[[1;34mINFO[m] 
[[1;34mINFO[m] Using the MultiThreadedBuilder implementation with a thread count of 4
[[1;34mINFO[m] 
[[1;34mINFO[m] [1m-------------------< [0;36mcom.piggymetrics:piggymetrics[0;1m >--------------------[m
[[1;34mINFO[m] [1mBuilding piggymetrics 1.0-SNAPSHOT                                [1/10][m
[[1;34mINFO[m] [1m--------------------------------[ pom ]---------------------------------[m
[[1;34mINFO[m] 
[[1;34mINFO[m] [1m--- [0;32mmaven-clean-plugin:3.0.0:clean[m [1m(default-clean)[m @ [36mpiggymetrics[0;1m ---[m
[[1;34mINFO[m] 
[[1;34mINFO[m] [1m----------------------< [0;36mcom.piggymetrics:config[0;1m >-----------------------[m
[[1;34mINFO[m] 
[[1;34mINFO[m] 
[[1;34mINFO[m] [1m--------------------< [0;36mcom.piggymetrics:monitoring[0;1m >---------------------[m
[[1;34mINFO[m] [1m---------------------< [0;36mcom.piggymetrics:registry[0;1m >----------------------[m
[[1;34mINFO[m] [1mBuilding registry 0.0.1-SNAPSHOT                                  [4/10][m
[[1;34mINFO[m] [1m--------------------------------[ jar ]---------------------------------[m
[[1;34mINFO[m] 
[[1;34mINFO[m] [1m----------------------< [0;36mcom.piggymetrics:gateway[0;1m >----------------------[m
[[1;34mINFO[m] [1mBuilding gateway 1.0-SNAPSHOT                                     [5/10][m
[[1;34mINFO[m] [1mBuilding config 1.0.0-SNAPSHOT                                    [2/10][m
[[1;34mINFO[m] [1m--------------------------------[ jar ]---------------------------------[m
[[1;34mINFO[m] [1mBuilding monitoring 0.0.1-SNAPSHOT                                [3/10][m
[[1;34mINFO[m] [1m--------------------------------[ jar ]---------------------------------[m
[[1;34mINFO[m] [1m--------------------------------[ jar ]---------------------------------[m
[[1;34mINFO[m] 
[[1;34mINFO[m] [1m--- [0;32mmaven-clean-plugin:3.0.0:clean[m [1m(default-clean)[m @ [36mconfig[0;1m ---[m
[[1;34mINFO[m] Deleting /home/mxy/Documents/aiops-py/examples/PiggyMetrics/config/target
[[1;34mINFO[m] 
[[1;34mINFO[m] [1m--- [0;32mmaven-clean-plugin:3.0.0:clean[m [1m(default-clean)[m @ [36mmonitoring[0;1m ---[m
[[1;34mINFO[m] Deleting /home/mxy/Documents/aiops-py/examples/PiggyMetrics/monitoring/target
[[1;34mINFO[m] 
[[1;34mINFO[m] [1m--- [0;32mmaven-resources-plugin:3.0.1:resources[m [1m(default-resources)[m @ [36mconfig[0;1m ---[m
[[1;34mINFO[m] 
[[1;34mINFO[m] [1m--- [0;32mmaven-resources-plugin:3.0.1:resources[m [1m(default-resources)[m @ [36mmonitoring[0;1m ---[m
[[1;34mINFO[m] 
[[1;34mINFO[m] [1m--- [0;32mmaven-clean-plugin:3.0.0:clean[m [1m(default-clean)[m @ [36mregistry[0;1m ---[m
[[1;34mINFO[m] 
[[1;34mINFO[m] [1m--- [0;32mmaven-clean-plugin:3.0.0:clean[m [1m(default-clean)[m @ [36mgateway[0;1m ---[m
[[1;34mINFO[m] Deleting /home/mxy/Documents/aiops-py/examples/PiggyMetrics/gateway/target
[[1;34mINFO[m] Deleting /home/mxy/Documents/aiops-py/examples/PiggyMetrics/registry/target
[[1;34mINFO[m] 
[[1;34mINFO[m] [1m--- [0;32mmaven-resources-plugin:3.0.1:resources[m [1m(default-resources)[m @ [36mregistry[0;1m ---[m
[[1;34mINFO[m] 
[[1;34mINFO[m] [1m--- [0;32mmaven-resources-plugin:3.0.1:resources[m [1m(default-resources)[m @ [36mgateway[0;1m ---[m
[[1;34mINFO[m] Using 'UTF-8' encoding to copy filtered resources.
[[1;34mINFO[m] Using 'UTF-8' encoding to copy filtered resources.
[[1;34mINFO[m] Using 'UTF-8' encoding to copy filtered resources.
[[1;34mINFO[m] Using 'UTF-8' encoding to copy filtered resources.
[[1;34mINFO[m] Copying 0 resource
[[1;34mINFO[m] Copying 0 resource
[[1;34mINFO[m] Copying 2 resources
[[1;34mINFO[m] Copying 1 resource
[[1;34mINFO[m] Copying 0 resource
[[1;34mINFO[m] Copying 1 resource
[[1;34mINFO[m] Copying 49 resources
[[1;34mINFO[m] 
[[1;34mINFO[m] 
[[1;34mINFO[m] [1m--- [0;32mmaven-compiler-plugin:3.7.0:compile[m [1m(default-compile)[m @ [36mmonitoring[0;1m ---[m
[[1;34mINFO[m] [1m--- [0;32mmaven-compiler-plugin:3.7.0:compile[m [1m(default-compile)[m @ [36mregistry[0;1m ---[m
[[1;34mINFO[m] Copying 8 resources
[[1;34mINFO[m] 
[[1;34mINFO[m] [1m--- [0;32mmaven-compiler-plugin:3.7.0:compile[m [1m(default-compile)[m @ [36mconfig[0;1m ---[m
[[1;34mINFO[m] 
[[1;34mINFO[m] [1m--- [0;32mmaven-compiler-plugin:3.7.0:compile[m [1m(default-compile)[m @ [36mgateway[0;1m ---[m
[[1;34mINFO[m] Changes detected - recompiling the module!
[[1;34mINFO[m] Changes detected - recompiling the module!
[[1;34mINFO[m] Changes detected - recompiling the module!
[[1;34mINFO[m] Changes detected - recompiling the module!
[[1;34mINFO[m] Compiling 1 source file to /home/mxy/Documents/aiops-py/examples/PiggyMetrics/registry/target/classes
[[1;34mINFO[m] Compiling 1 source file to /home/mxy/Documents/aiops-py/examples/PiggyMetrics/gateway/target/classes
[[1;34mINFO[m] Compiling 1 source file to /home/mxy/Documents/aiops-py/examples/PiggyMetrics/monitoring/target/classes
[[1;34mINFO[m] Compiling 2 source files to /home/mxy/Documents/aiops-py/examples/PiggyMetrics/config/target/classes
[[1;34mINFO[m] 
[[1;34mINFO[m] 
[[1;34mINFO[m] [1m--- [0;32mmaven-resources-plugin:3.0.1:testResources[m [1m(default-testResources)[m @ [36mregistry[0;1m ---[m
[[1;34mINFO[m] 
[[1;34mINFO[m] [1m--- [0;32mmaven-resources-plugin:3.0.1:testResources[m [1m(default-testResources)[m @ [36mgateway[0;1m ---[m
[[1;34mINFO[m] [1m--- [0;32mmaven-resources-plugin:3.0.1:testResources[m [1m(default-testResources)[m @ [36mmonitoring[0;1m ---[m
[[1;34mINFO[m] Using 'UTF-8' encoding to copy filtered resources.
[[1;34mINFO[m] skip non existing resourceDirectory /home/mxy/Documents/aiops-py/examples/PiggyMetrics/registry/src/test/resources
[[1;34mINFO[m] Using 'UTF-8' encoding to copy filtered resources.
[[1;34mINFO[m] 
[[1;34mINFO[m] [1m--- [0;32mmaven-compiler-plugin:3.7.0:testCompile[m [1m(default-testCompile)[m @ [36mregistry[0;1m ---[m
[[1;34mINFO[m] Copying 1 resource
[[1;34mINFO[m] 
[[1;34mINFO[m] [1m--- [0;32mmaven-compiler-plugin:3.7.0:testCompile[m [1m(default-testCompile)[m @ [36mgateway[0;1m ---[m
[[1;34mINFO[m] No sources to compile
[[1;34mINFO[m] 
[[1;34mINFO[m] [1m--- [0;32mmaven-surefire-plugin:2.21.0:test[m [1m(default-test)[m @ [36mregistry[0;1m ---[m
[[1;34mINFO[m] Using 'UTF-8' encoding to copy filtered resources.
[[1;34mINFO[m] Copying 1 resource
[[1;34mINFO[m] 
[[1;34mINFO[m] [1m--- [0;32mmaven-compiler-plugin:3.7.0:testCompile[m [1m(default-testCompile)[m @ [36mmonitoring[0;1m ---[m
[[1;34mINFO[m] Changes detected - recompiling the module!
[[1;34mINFO[m] Compiling 1 source file to /home/mxy/Documents/aiops-py/examples/PiggyMetrics/gateway/target/test-classes
[[1;34mINFO[m] 
[[1;34mINFO[m] [1m--- [0;32mmaven-resources-plugin:3.0.1:testResources[m [1m(default-testResources)[m @ [36mconfig[0;1m ---[m
[[1;34mINFO[m] Using 'UTF-8' encoding to copy filtered resources.
[[1;34mINFO[m] Changes detected - recompiling the module!
[[1;34mINFO[m] Compiling 1 source file to /home/mxy/Documents/aiops-py/examples/PiggyMetrics/monitoring/target/test-classes
[[1;34mINFO[m] skip non existing resourceDirectory /home/mxy/Documents/aiops-py/examples/PiggyMetrics/config/src/test/resources
[[1;34mINFO[m] 
[[1;34mINFO[m] [1m--- [0;32mmaven-compiler-plugin:3.7.0:testCompile[m [1m(default-testCompile)[m @ [36mconfig[0;1m ---[m
[[1;34mINFO[m] No sources to compile
[[1;34mINFO[m] 
[[1;34mINFO[m] [1m--- [0;32mmaven-surefire-plugin:2.21.0:test[m [1m(default-test)[m @ [36mconfig[0;1m ---[m
[[1;34mINFO[m] Tests are skipped.
[[1;34mINFO[m] 
[[1;34mINFO[m] [1m--- [0;32mmaven-jar-plugin:3.0.2:jar[m [1m(default-jar)[m @ [36mregistry[0;1m ---[m
[[1;34mINFO[m] Tests are skipped.
[[1;34mINFO[m] 
[[1;34mINFO[m] [1m--- [0;32mmaven-jar-plugin:3.0.2:jar[m [1m(default-jar)[m @ [36mconfig[0;1m ---[m
[[1;34mINFO[m] 
[[1;34mINFO[m] 
[[1;34mINFO[m] [1m--- [0;32mmaven-surefire-plugin:2.21.0:test[m [1m(default-test)[m @ [36mgateway[0;1m ---[m
[[1;34mINFO[m] [1m--- [0;32mmaven-surefire-plugin:2.21.0:test[m [1m(default-test)[m @ [36mmonitoring[0;1m ---[m
[[1;34mINFO[m] Tests are skipped.
[[1;34mINFO[m] Tests are skipped.
[[1;34mINFO[m] 
[[1;34mINFO[m] 
[[1;34mINFO[m] [1m--- [0;32mmaven-jar-plugin:3.0.2:jar[m [1m(default-jar)[m @ [36mgateway[0;1m ---[m
[[1;34mINFO[m] [1m--- [0;32mmaven-jar-plugin:3.0.2:jar[m [1m(default-jar)[m @ [36mmonitoring[0;1m ---[m
[[1;34mINFO[m] Building jar: /home/mxy/Documents/aiops-py/examples/PiggyMetrics/registry/target/registry-0.0.1-SNAPSHOT.jar
[[1;34mINFO[m] Building jar: /home/mxy/Documents/aiops-py/examples/PiggyMetrics/monitoring/target/monitoring-0.0.1-SNAPSHOT.jar
[[1;34mINFO[m] Building jar: /home/mxy/Documents/aiops-py/examples/PiggyMetrics/config/target/config-1.0.0-SNAPSHOT.jar
[[1;34mINFO[m] Building jar: /home/mxy/Documents/aiops-py/examples/PiggyMetrics/gateway/target/gateway-1.0-SNAPSHOT.jar
[[1;34mINFO[m] 
[[1;34mINFO[m] [1m--- [0;32mspring-boot-maven-plugin:2.0.3.RELEASE:repackage[m [1m(default)[m @ [36mmonitoring[0;1m ---[m
[[1;34mINFO[m] 
[[1;34mINFO[m] [1m--- [0;32mspring-boot-maven-plugin:2.0.3.RELEASE:repackage[m [1m(default)[m @ [36mregistry[0;1m ---[m
[[1;34mINFO[m] 
[[1;34mINFO[m] [1m--- [0;32mspring-boot-maven-plugin:2.0.3.RELEASE:repackage[m [1m(default)[m @ [36mconfig[0;1m ---[m
[[1;34mINFO[m] 
[[1;34mINFO[m] [1m--- [0;32mspring-boot-maven-plugin:2.0.3.RELEASE:repackage[m [1m(default)[m @ [36mgateway[0;1m ---[m
[[1;34mINFO[m] Replacing main artifact /home/mxy/Documents/aiops-py/examples/PiggyMetrics/monitoring/target/monitoring-0.0.1-SNAPSHOT.jar to /home/mxy/Documents/aiops-py/examples/PiggyMetrics/monitoring/target/monitoring.jar
[[1;34mINFO[m] 
[[1;34mINFO[m] [1m-------------------< [0;36mcom.piggymetrics:auth-service[0;1m >--------------------[m
[[1;34mINFO[m] [1mBuilding auth-service 1.0-SNAPSHOT                                [6/10][m
[[1;34mINFO[m] [1m--------------------------------[ jar ]---------------------------------[m
[[1;34mINFO[m] Replacing main artifact /home/mxy/Documents/aiops-py/examples/PiggyMetrics/config/target/config-1.0.0-SNAPSHOT.jar to /home/mxy/Documents/aiops-py/examples/PiggyMetrics/config/target/config.jar
[[1;34mINFO[m] 
[[1;34mINFO[m] [1m------------------< [0;36mcom.piggymetrics:account-service[0;1m >------------------[m
[[1;34mINFO[m] [1mBuilding account-service 1.0-SNAPSHOT                             [7/10][m
[[1;34mINFO[m] [1m--------------------------------[ jar ]---------------------------------[m
[[1;34mINFO[m] Replacing main artifact /home/mxy/Documents/aiops-py/examples/PiggyMetrics/registry/target/registry-0.0.1-SNAPSHOT.jar to /home/mxy/Documents/aiops-py/examples/PiggyMetrics/registry/target/registry.jar
[[1;34mINFO[m] 
[[1;34mINFO[m] [1m----------------< [0;36mcom.piggymetrics:statistics-service[0;1m >-----------------[m
[[1;34mINFO[m] [1mBuilding statistics-service 1.0-SNAPSHOT                          [8/10][m
[[1;34mINFO[m] [1m--------------------------------[ jar ]---------------------------------[m
[[1;34mINFO[m] 
[[1;34mINFO[m] [1m--- [0;32mmaven-clean-plugin:3.0.0:clean[m [1m(default-clean)[m @ [36mauth-service[0;1m ---[m
[[1;34mINFO[m] Deleting /home/mxy/Documents/aiops-py/examples/PiggyMetrics/auth-service/target
[[1;34mINFO[m] Replacing main artifact /home/mxy/Documents/aiops-py/examples/PiggyMetrics/gateway/target/gateway-1.0-SNAPSHOT.jar to /home/mxy/Documents/aiops-py/examples/PiggyMetrics/gateway/target/gateway.jar
[[1;34mINFO[m] 
[[1;34mINFO[m] [1m---------------< [0;36mcom.piggymetrics:notification-service[0;1m >----------------[m
[[1;34mINFO[m] [1mBuilding notification-service 1.0.0-SNAPSHOT                      [9/10][m
[[1;34mINFO[m] [1m--------------------------------[ jar ]---------------------------------[m
[[1;34mINFO[m] 
[[1;34mINFO[m] [1m--- [0;32mjacoco-maven-plugin:0.7.6.201602180812:prepare-agent[m [1m(default)[m @ [36mauth-service[0;1m ---[m
[[1;34mINFO[m] 
[[1;34mINFO[m] [1m--- [0;32mmaven-clean-plugin:3.0.0:clean[m [1m(default-clean)[m @ [36maccount-service[0;1m ---[m
[[1;34mINFO[m] 
[[1;34mINFO[m] [1m--- [0;32mmaven-clean-plugin:3.0.0:clean[m [1m(default-clean)[m @ [36mstatistics-service[0;1m ---[m
[[1;34mINFO[m] 
[[1;34mINFO[m] [1m--- [0;32mmaven-clean-plugin:3.0.0:clean[m [1m(default-clean)[m @ [36mnotification-service[0;1m ---[m
[[1;34mINFO[m] Deleting /home/mxy/Documents/aiops-py/examples/PiggyMetrics/notification-service/target
[[1;34mINFO[m] Deleting /home/mxy/Documents/aiops-py/examples/PiggyMetrics/account-service/target
[[1;34mINFO[m] argLine set to -javaagent:/home/mxy/.m2/repository/org/jacoco/org.jacoco.agent/0.7.6.201602180812/org.jacoco.agent-0.7.6.201602180812-runtime.jar=destfile=/home/mxy/Documents/aiops-py/examples/PiggyMetrics/auth-service/target/jacoco.exec
[[1;34mINFO[m] Deleting /home/mxy/Documents/aiops-py/examples/PiggyMetrics/statistics-service/target
[[1;34mINFO[m] 
[[1;34mINFO[m] [1m--- [0;32mmaven-resources-plugin:3.0.1:resources[m [1m(default-resources)[m @ [36mauth-service[0;1m ---[m
[[1;34mINFO[m] Using 'UTF-8' encoding to copy filtered resources.
[[1;34mINFO[m] Copying 0 resource
[[1;34mINFO[m] Copying 1 resource
[[1;34mINFO[m] 
[[1;34mINFO[m] [1m--- [0;32mmaven-compiler-plugin:3.7.0:compile[m [1m(default-compile)[m @ [36mauth-service[0;1m ---[m
[[1;34mINFO[m] Changes detected - recompiling the module!
[[1;34mINFO[m] Compiling 9 source files to /home/mxy/Documents/aiops-py/examples/PiggyMetrics/auth-service/target/classes
[[1;34mINFO[m] 
[[1;34mINFO[m] [1m--- [0;32mjacoco-maven-plugin:0.7.6.201602180812:prepare-agent[m [1m(default)[m @ [36mnotification-service[0;1m ---[m
[[1;34mINFO[m] 
[[1;34mINFO[m] [1m--- [0;32mjacoco-maven-plugin:0.7.6.201602180812:prepare-agent[m [1m(default)[m @ [36maccount-service[0;1m ---[m
[[1;34mINFO[m] 
[[1;34mINFO[m] [1m--- [0;32mjacoco-maven-plugin:0.7.6.201602180812:prepare-agent[m [1m(default)[m @ [36mstatistics-service[0;1m ---[m
[[1;34mINFO[m] argLine set to -javaagent:/home/mxy/.m2/repository/org/jacoco/org.jacoco.agent/0.7.6.201602180812/org.jacoco.agent-0.7.6.201602180812-runtime.jar=destfile=/home/mxy/Documents/aiops-py/examples/PiggyMetrics/statistics-service/target/jacoco.exec
[[1;34mINFO[m] argLine set to -javaagent:/home/mxy/.m2/repository/org/jacoco/org.jacoco.agent/0.7.6.201602180812/org.jacoco.agent-0.7.6.201602180812-runtime.jar=destfile=/home/mxy/Documents/aiops-py/examples/PiggyMetrics/account-service/target/jacoco.exec
[[1;34mINFO[m] 
[[1;34mINFO[m] argLine set to -javaagent:/home/mxy/.m2/repository/org/jacoco/org.jacoco.agent/0.7.6.201602180812/org.jacoco.agent-0.7.6.201602180812-runtime.jar=destfile=/home/mxy/Documents/aiops-py/examples/PiggyMetrics/notification-service/target/jacoco.exec
[[1;34mINFO[m] 
[[1;34mINFO[m] [1m--- [0;32mmaven-resources-plugin:3.0.1:resources[m [1m(default-resources)[m @ [36mstatistics-service[0;1m ---[m
[[1;34mINFO[m] 
[[1;34mINFO[m] [1m--- [0;32mmaven-resources-plugin:3.0.1:resources[m [1m(default-resources)[m @ [36mnotification-service[0;1m ---[m
[[1;34mINFO[m] [1m--- [0;32mmaven-resources-plugin:3.0.1:resources[m [1m(default-resources)[m @ [36maccount-service[0;1m ---[m
[[1;34mINFO[m] Using 'UTF-8' encoding to copy filtered resources.
[[1;34mINFO[m] Using 'UTF-8' encoding to copy filtered resources.
[[1;34mINFO[m] Copying 0 resource
[[1;34mINFO[m] Copying 1 resource
[[1;34mINFO[m] Copying 0 resource
[[1;34mINFO[m] 
[[1;34mINFO[m] [1m--- [0;32mmaven-compiler-plugin:3.7.0:compile[m [1m(default-compile)[m @ [36mstatistics-service[0;1m ---[m
[[1;34mINFO[m] Using 'UTF-8' encoding to copy filtered resources.
[[1;34mINFO[m] Copying 1 resource
[[1;34mINFO[m] Copying 0 resource
[[1;34mINFO[m] Copying 1 resource
[[1;34mINFO[m] 
[[1;34mINFO[m] [1m--- [0;32mmaven-compiler-plugin:3.7.0:compile[m [1m(default-compile)[m @ [36maccount-service[0;1m ---[m
[[1;34mINFO[m] 
[[1;34mINFO[m] [1m--- [0;32mmaven-compiler-plugin:3.7.0:compile[m [1m(default-compile)[m @ [36mnotification-service[0;1m ---[m
[[1;34mINFO[m] Changes detected - recompiling the module!
[[1;34mINFO[m] Compiling 23 source files to /home/mxy/Documents/aiops-py/examples/PiggyMetrics/statistics-service/target/classes
[[1;34mINFO[m] Changes detected - recompiling the module!
[[1;34mINFO[m] Changes detected - recompiling the module!
[[1;34mINFO[m] Compiling 17 source files to /home/mxy/Documents/aiops-py/examples/PiggyMetrics/account-service/target/classes
[[1;34mINFO[m] Compiling 17 source files to /home/mxy/Documents/aiops-py/examples/PiggyMetrics/notification-service/target/classes
[[1;34mINFO[m] /home/mxy/Documents/aiops-py/examples/PiggyMetrics/auth-service/src/main/java/com/piggymetrics/auth/config/OAuth2AuthorizationConfig.java: /home/mxy/Documents/aiops-py/examples/PiggyMetrics/auth-service/src/main/java/com/piggymetrics/auth/config/OAuth2AuthorizationConfig.java uses or overrides a deprecated API.
[[1;34mINFO[m] /home/mxy/Documents/aiops-py/examples/PiggyMetrics/auth-service/src/main/java/com/piggymetrics/auth/config/OAuth2AuthorizationConfig.java: Recompile with -Xlint:deprecation for details.
[[1;34mINFO[m] 
[[1;34mINFO[m] [1m--- [0;32mmaven-resources-plugin:3.0.1:testResources[m [1m(default-testResources)[m @ [36mauth-service[0;1m ---[m
[[1;34mINFO[m] Using 'UTF-8' encoding to copy filtered resources.
[[1;34mINFO[m] Copying 2 resources
[[1;34mINFO[m] 
[[1;34mINFO[m] [1m--- [0;32mmaven-compiler-plugin:3.7.0:testCompile[m [1m(default-testCompile)[m @ [36mauth-service[0;1m ---[m
[[1;34mINFO[m] Changes detected - recompiling the module!
[[1;34mINFO[m] Compiling 5 source files to /home/mxy/Documents/aiops-py/examples/PiggyMetrics/auth-service/target/test-classes
[[1;34mINFO[m] /home/mxy/Documents/aiops-py/examples/PiggyMetrics/account-service/src/main/java/com/piggymetrics/account/service/AccountServiceImpl.java: /home/mxy/Documents/aiops-py/examples/PiggyMetrics/account-service/src/main/java/com/piggymetrics/account/service/AccountServiceImpl.java uses or overrides a deprecated API.
[[1;34mINFO[m] /home/mxy/Documents/aiops-py/examples/PiggyMetrics/account-service/src/main/java/com/piggymetrics/account/service/AccountServiceImpl.java: Recompile with -Xlint:deprecation for details.
[[1;34mINFO[m] 
[[1;34mINFO[m] [1m--- [0;32mmaven-resources-plugin:3.0.1:testResources[m [1m(default-testResources)[m @ [36maccount-service[0;1m ---[m
[[1;34mINFO[m] Using 'UTF-8' encoding to copy filtered resources.
[[1;34mINFO[m] Copying 2 resources
[[1;34mINFO[m] 
[[1;34mINFO[m] [1m--- [0;32mmaven-compiler-plugin:3.7.0:testCompile[m [1m(default-testCompile)[m @ [36maccount-service[0;1m ---[m
[[1;34mINFO[m] /home/mxy/Documents/aiops-py/examples/PiggyMetrics/notification-service/src/main/java/com/piggymetrics/notification/domain/Recipient.java: Some input files use or override a deprecated API.
[[1;34mINFO[m] /home/mxy/Documents/aiops-py/examples/PiggyMetrics/notification-service/src/main/java/com/piggymetrics/notification/domain/Recipient.java: Recompile with -Xlint:deprecation for details.
[[1;34mINFO[m] 
[[1;34mINFO[m] [1m--- [0;32mmaven-resources-plugin:3.0.1:testResources[m [1m(default-testResources)[m @ [36mnotification-service[0;1m ---[m
[[1;34mINFO[m] Changes detected - recompiling the module!
[[1;34mINFO[m] Compiling 5 source files to /home/mxy/Documents/aiops-py/examples/PiggyMetrics/account-service/target/test-classes
[[1;34mINFO[m] Using 'UTF-8' encoding to copy filtered resources.
[[1;34mINFO[m] Copying 2 resources
[[1;34mINFO[m] 
[[1;34mINFO[m] [1m--- [0;32mmaven-compiler-plugin:3.7.0:testCompile[m [1m(default-testCompile)[m @ [36mnotification-service[0;1m ---[m
[[1;34mINFO[m] Changes detected - recompiling the module!
[[1;34mINFO[m] Compiling 6 source files to /home/mxy/Documents/aiops-py/examples/PiggyMetrics/notification-service/target/test-classes
[[1;34mINFO[m] /home/mxy/Documents/aiops-py/examples/PiggyMetrics/statistics-service/src/main/java/com/piggymetrics/statistics/StatisticsApplication.java: Some input files use or override a deprecated API.
[[1;34mINFO[m] /home/mxy/Documents/aiops-py/examples/PiggyMetrics/statistics-service/src/main/java/com/piggymetrics/statistics/StatisticsApplication.java: Recompile with -Xlint:deprecation for details.
[[1;34mINFO[m] 
[[1;34mINFO[m] [1m--- [0;32mmaven-resources-plugin:3.0.1:testResources[m [1m(default-testResources)[m @ [36mstatistics-service[0;1m ---[m
[[1;34mINFO[m] Using 'UTF-8' encoding to copy filtered resources.
[[1;34mINFO[m] Copying 2 resources
[[1;34mINFO[m] 
[[1;34mINFO[m] [1m--- [0;32mmaven-compiler-plugin:3.7.0:testCompile[m [1m(default-testCompile)[m @ [36mstatistics-service[0;1m ---[m
[[1;34mINFO[m] Changes detected - recompiling the module!
[[1;34mINFO[m] Compiling 6 source files to /home/mxy/Documents/aiops-py/examples/PiggyMetrics/statistics-service/target/test-classes
[[1;34mINFO[m] /home/mxy/Documents/aiops-py/examples/PiggyMetrics/auth-service/src/test/java/com/piggymetrics/auth/service/security/MongoUserDetailsServiceTest.java: /home/mxy/Documents/aiops-py/examples/PiggyMetrics/auth-service/src/test/java/com/piggymetrics/auth/service/security/MongoUserDetailsServiceTest.java uses or overrides a deprecated API.
[[1;34mINFO[m] /home/mxy/Documents/aiops-py/examples/PiggyMetrics/auth-service/src/test/java/com/piggymetrics/auth/service/security/MongoUserDetailsServiceTest.java: Recompile with -Xlint:deprecation for details.
[[1;34mINFO[m] 
[[1;34mINFO[m] [1m--- [0;32mmaven-surefire-plugin:2.21.0:test[m [1m(default-test)[m @ [36mauth-service[0;1m ---[m
[[1;34mINFO[m] Tests are skipped.
[[1;34mINFO[m] 
[[1;34mINFO[m] [1m--- [0;32mjacoco-maven-plugin:0.7.6.201602180812:report[m [1m(report)[m @ [36mauth-service[0;1m ---[m
[[1;34mINFO[m] 
[[1;34mINFO[m] [1m--- [0;32mmaven-surefire-plugin:2.21.0:test[m [1m(default-test)[m @ [36maccount-service[0;1m ---[m
[[1;34mINFO[m] Tests are skipped.
[[1;34mINFO[m] 
[[1;34mINFO[m] [1m--- [0;32mjacoco-maven-plugin:0.7.6.201602180812:report[m [1m(report)[m @ [36maccount-service[0;1m ---[m
[[1;34mINFO[m] Skipping JaCoCo execution due to missing execution data file:/home/mxy/Documents/aiops-py/examples/PiggyMetrics/auth-service/target/jacoco.exec
[[1;34mINFO[m] Skipping JaCoCo execution due to missing execution data file:/home/mxy/Documents/aiops-py/examples/PiggyMetrics/account-service/target/jacoco.exec
[[1;34mINFO[m] 
[[1;34mINFO[m] [1m--- [0;32mmaven-jar-plugin:3.0.2:jar[m [1m(default-jar)[m @ [36mauth-service[0;1m ---[m
[[1;34mINFO[m] 
[[1;34mINFO[m] [1m--- [0;32mmaven-jar-plugin:3.0.2:jar[m [1m(default-jar)[m @ [36maccount-service[0;1m ---[m
[[1;34mINFO[m] Building jar: /home/mxy/Documents/aiops-py/examples/PiggyMetrics/auth-service/target/auth-service-1.0-SNAPSHOT.jar
[[1;34mINFO[m] Building jar: /home/mxy/Documents/aiops-py/examples/PiggyMetrics/account-service/target/account-service-1.0-SNAPSHOT.jar
[[1;34mINFO[m] 
[[1;34mINFO[m] [1m--- [0;32mmaven-surefire-plugin:2.21.0:test[m [1m(default-test)[m @ [36mnotification-service[0;1m ---[m
[[1;34mINFO[m] 
[[1;34mINFO[m] [1m--- [0;32mspring-boot-maven-plugin:2.0.3.RELEASE:repackage[m [1m(default)[m @ [36mauth-service[0;1m ---[m
[[1;34mINFO[m] 
[[1;34mINFO[m] [1m--- [0;32mspring-boot-maven-plugin:2.0.3.RELEASE:repackage[m [1m(default)[m @ [36maccount-service[0;1m ---[m
[[1;34mINFO[m] Tests are skipped.
[[1;34mINFO[m] 
[[1;34mINFO[m] [1m--- [0;32mjacoco-maven-plugin:0.7.6.201602180812:report[m [1m(report)[m @ [36mnotification-service[0;1m ---[m
[[1;34mINFO[m] Skipping JaCoCo execution due to missing execution data file:/home/mxy/Documents/aiops-py/examples/PiggyMetrics/notification-service/target/jacoco.exec
[[1;34mINFO[m] 
[[1;34mINFO[m] [1m--- [0;32mmaven-jar-plugin:3.0.2:jar[m [1m(default-jar)[m @ [36mnotification-service[0;1m ---[m
[[1;34mINFO[m] Building jar: /home/mxy/Documents/aiops-py/examples/PiggyMetrics/notification-service/target/notification-service-1.0.0-SNAPSHOT.jar
[[1;34mINFO[m] 
[[1;34mINFO[m] [1m--- [0;32mspring-boot-maven-plugin:2.0.3.RELEASE:repackage[m [1m(default)[m @ [36mnotification-service[0;1m ---[m
[[1;34mINFO[m] 
[[1;34mINFO[m] [1m--- [0;32mmaven-surefire-plugin:2.21.0:test[m [1m(default-test)[m @ [36mstatistics-service[0;1m ---[m
[[1;34mINFO[m] Tests are skipped.
[[1;34mINFO[m] 
[[1;34mINFO[m] [1m--- [0;32mjacoco-maven-plugin:0.7.6.201602180812:report[m [1m(report)[m @ [36mstatistics-service[0;1m ---[m
[[1;34mINFO[m] Skipping JaCoCo execution due to missing execution data file:/home/mxy/Documents/aiops-py/examples/PiggyMetrics/statistics-service/target/jacoco.exec
[[1;34mINFO[m] 
[[1;34mINFO[m] [1m--- [0;32mmaven-jar-plugin:3.0.2:jar[m [1m(default-jar)[m @ [36mstatistics-service[0;1m ---[m
[[1;34mINFO[m] Building jar: /home/mxy/Documents/aiops-py/examples/PiggyMetrics/statistics-service/target/statistics-service-1.0-SNAPSHOT.jar
[[1;34mINFO[m] 
[[1;34mINFO[m] [1m--- [0;32mspring-boot-maven-plugin:2.0.3.RELEASE:repackage[m [1m(default)[m @ [36mstatistics-service[0;1m ---[m
[[1;34mINFO[m] Replacing main artifact /home/mxy/Documents/aiops-py/examples/PiggyMetrics/auth-service/target/auth-service-1.0-SNAPSHOT.jar to /home/mxy/Documents/aiops-py/examples/PiggyMetrics/auth-service/target/auth-service.jar
[[1;34mINFO[m] 
[[1;34mINFO[m] [1m--------------< [0;36mcom.piggymetrics:turbine-stream-service[0;1m >---------------[m
[[1;34mINFO[m] [1mBuilding turbine-stream-service 0.0.1-SNAPSHOT                   [10/10][m
[[1;34mINFO[m] [1m--------------------------------[ jar ]---------------------------------[m
[[1;34mINFO[m] Replacing main artifact /home/mxy/Documents/aiops-py/examples/PiggyMetrics/account-service/target/account-service-1.0-SNAPSHOT.jar to /home/mxy/Documents/aiops-py/examples/PiggyMetrics/account-service/target/account-service.jar
[[1;34mINFO[m] Replacing main artifact /home/mxy/Documents/aiops-py/examples/PiggyMetrics/notification-service/target/notification-service-1.0.0-SNAPSHOT.jar to /home/mxy/Documents/aiops-py/examples/PiggyMetrics/notification-service/target/notification-service.jar
[[1;34mINFO[m] 
[[1;34mINFO[m] [1m--- [0;32mmaven-clean-plugin:3.0.0:clean[m [1m(default-clean)[m @ [36mturbine-stream-service[0;1m ---[m
[[1;34mINFO[m] Deleting /home/mxy/Documents/aiops-py/examples/PiggyMetrics/turbine-stream-service/target
[[1;34mINFO[m] 
[[1;34mINFO[m] [1m--- [0;32mmaven-resources-plugin:3.0.1:resources[m [1m(default-resources)[m @ [36mturbine-stream-service[0;1m ---[m
[[1;34mINFO[m] Using 'UTF-8' encoding to copy filtered resources.
[[1;34mINFO[m] Copying 0 resource
[[1;34mINFO[m] Copying 1 resource
[[1;34mINFO[m] 
[[1;34mINFO[m] [1m--- [0;32mmaven-compiler-plugin:3.7.0:compile[m [1m(default-compile)[m @ [36mturbine-stream-service[0;1m ---[m
[[1;34mINFO[m] Changes detected - recompiling the module!
[[1;34mINFO[m] Compiling 1 source file to /home/mxy/Documents/aiops-py/examples/PiggyMetrics/turbine-stream-service/target/classes
[[1;34mINFO[m] Replacing main artifact /home/mxy/Documents/aiops-py/examples/PiggyMetrics/statistics-service/target/statistics-service-1.0-SNAPSHOT.jar to /home/mxy/Documents/aiops-py/examples/PiggyMetrics/statistics-service/target/statistics-service.jar
[[1;34mINFO[m] 
[[1;34mINFO[m] [1m--- [0;32mmaven-resources-plugin:3.0.1:testResources[m [1m(default-testResources)[m @ [36mturbine-stream-service[0;1m ---[m
[[1;34mINFO[m] Using 'UTF-8' encoding to copy filtered resources.
[[1;34mINFO[m] Copying 1 resource
[[1;34mINFO[m] 
[[1;34mINFO[m] [1m--- [0;32mmaven-compiler-plugin:3.7.0:testCompile[m [1m(default-testCompile)[m @ [36mturbine-stream-service[0;1m ---[m
[[1;34mINFO[m] Changes detected - recompiling the module!
[[1;34mINFO[m] Compiling 1 source file to /home/mxy/Documents/aiops-py/examples/PiggyMetrics/turbine-stream-service/target/test-classes
[[1;34mINFO[m] 
[[1;34mINFO[m] [1m--- [0;32mmaven-surefire-plugin:2.21.0:test[m [1m(default-test)[m @ [36mturbine-stream-service[0;1m ---[m
[[1;34mINFO[m] Tests are skipped.
[[1;34mINFO[m] 
[[1;34mINFO[m] [1m--- [0;32mmaven-jar-plugin:3.0.2:jar[m [1m(default-jar)[m @ [36mturbine-stream-service[0;1m ---[m
[[1;34mINFO[m] Building jar: /home/mxy/Documents/aiops-py/examples/PiggyMetrics/turbine-stream-service/target/turbine-stream-service-0.0.1-SNAPSHOT.jar
[[1;34mINFO[m] 
[[1;34mINFO[m] [1m--- [0;32mspring-boot-maven-plugin:2.0.3.RELEASE:repackage[m [1m(default)[m @ [36mturbine-stream-service[0;1m ---[m
[[1;34mINFO[m] Replacing main artifact /home/mxy/Documents/aiops-py/examples/PiggyMetrics/turbine-stream-service/target/turbine-stream-service-0.0.1-SNAPSHOT.jar to /home/mxy/Documents/aiops-py/examples/PiggyMetrics/turbine-stream-service/target/turbine-stream-service.jar
[[1;34mINFO[m] [1m------------------------------------------------------------------------[m
[[1;34mINFO[m] [1mReactor Summary:[m
[[1;34mINFO[m] 
[[1;34mINFO[m] piggymetrics 1.0-SNAPSHOT .......................... [1;32mSUCCESS[m [  0.103 s]
[[1;34mINFO[m] config 1.0.0-SNAPSHOT .............................. [1;32mSUCCESS[m [  1.551 s]
[[1;34mINFO[m] monitoring 0.0.1-SNAPSHOT .......................... [1;32mSUCCESS[m [  1.548 s]
[[1;34mINFO[m] registry 0.0.1-SNAPSHOT ............................ [1;32mSUCCESS[m [  1.582 s]
[[1;34mINFO[m] gateway 1.0-SNAPSHOT ............................... [1;32mSUCCESS[m [  1.637 s]
[[1;34mINFO[m] auth-service 1.0-SNAPSHOT .......................... [1;32mSUCCESS[m [  1.146 s]
[[1;34mINFO[m] account-service 1.0-SNAPSHOT ....................... [1;32mSUCCESS[m [  1.154 s]
[[1;34mINFO[m] statistics-service 1.0-SNAPSHOT .................... [1;32mSUCCESS[m [  1.235 s]
[[1;34mINFO[m] notification-service 1.0.0-SNAPSHOT ................ [1;32mSUCCESS[m [  1.110 s]
[[1;34mINFO[m] turbine-stream-service 0.0.1-SNAPSHOT .............. [1;32mSUCCESS[m [  0.439 s]
[[1;34mINFO[m] [1m------------------------------------------------------------------------[m
[[1;34mINFO[m] [1;32mBUILD SUCCESS[m
[[1;34mINFO[m] [1m------------------------------------------------------------------------[m
[[1;34mINFO[m] Total time:  3.444 s (Wall Clock)
[[1;34mINFO[m] Finished at: 2026-06-17T15:03:47+08:00
[[1;34mINFO[m] [1m------------------------------------------------------------------------[m
